# JRE version: OpenJDK Runtime Environment OpenLogic-OpenJDK (21.0.3+1) (build 21.0.3+1-adhoc.Administrator.jdk21u)
# Java VM: OpenJDK 64-Bit Server VM OpenLogic-OpenJDK (21.0.3+1-adhoc.Administrator.jdk21u, mixed mode, sharing, tiered, compressed oops, compressed class ptrs, g1 gc, windows-amd64)
GC Precious Log:
 CardTable entry size: 512
 Card Set container configuration: InlinePtr #cards 5 size 8 Array Of Cards #cards 12 size 40 Howl #buckets 4 coarsen threshold 1843 Howl Bitmap #cards 512 size 80 coarsen threshold 460 Card regions per heap region 1 cards per card region 2048
 CPUs: 12 total, 12 available
 Memory: 7597M
 Large Page Support: Disabled
 NUMA Support: Disabled
 Compressed Oops: Enabled (32-bit)
 Heap Region Size: 1M
 Heap Min Capacity: 8M
 Heap Initial Capacity: 120M
 Heap Max Capacity: 1900M
 Pre-touch: Disabled
 Parallel Workers: 10
 Concurrent Workers: 3
 Concurrent Refinement Workers: 10
 Periodic GC: Disabled
Heap:
 garbage-first heap   total 112640K, used 34123K [0x0000000089400000, 0x0000000100000000)
  region size 1024K, 10 young (10240K), 6 survivors (6144K)
 Metaspace       used 21655K, committed 22016K, reserved 1114112K
  class space    used 3015K, committed 3136K, reserved 1048576K
GC Heap History (6 events):
Event: 4.152 GC heap before
{Heap before GC invocations=0 (full 0):
 garbage-first heap   total 122880K, used 28672K [0x0000000089400000, 0x0000000100000000)
  region size 1024K, 23 young (23552K), 0 survivors (0K)
 Metaspace       used 15956K, committed 16256K, reserved 1114112K
  class space    used 2325K, committed 2432K, reserved 1048576K
}
Event: 4.163 GC heap after
{Heap after GC invocations=1 (full 0):
 garbage-first heap   total 122880K, used 12242K [0x0000000089400000, 0x0000000100000000)
  region size 1024K, 3 young (3072K), 3 survivors (3072K)
 Metaspace       used 15956K, committed 16256K, reserved 1114112K
  class space    used 2325K, committed 2432K, reserved 1048576K
}
Event: 12.529 GC heap before
{Heap before GC invocations=1 (full 0):
 garbage-first heap   total 122880K, used 48082K [0x0000000089400000, 0x0000000100000000)
  region size 1024K, 28 young (28672K), 3 survivors (3072K)
 Metaspace       used 20298K, committed 20672K, reserved 1114112K
  class space    used 2863K, committed 3008K, reserved 1048576K
}
Event: 12.539 GC heap after
{Heap after GC invocations=2 (full 0):
 garbage-first heap   total 122880K, used 29914K [0x0000000089400000, 0x0000000100000000)
  region size 1024K, 4 young (4096K), 4 survivors (4096K)
 Metaspace       used 20298K, committed 20672K, reserved 1114112K
  class space    used 2863K, committed 3008K, reserved 1048576K
}
Event: 12.747 GC heap before
{Heap before GC invocations=2 (full 0):
 garbage-first heap   total 122880K, used 34010K [0x0000000089400000, 0x0000000100000000)
  region size 1024K, 9 young (9216K), 4 survivors (4096K)
 Metaspace       used 21141K, committed 21504K, reserved 1114112K
  class space    used 2969K, committed 3136K, reserved 1048576K
}
Event: 12.755 GC heap after
{Heap after GC invocations=3 (full 0):
 garbage-first heap   total 122880K, used 31051K [0x0000000089400000, 0x0000000100000000)
  region size 1024K, 6 young (6144K), 6 survivors (6144K)
 Metaspace       used 21141K, committed 21504K, reserved 1114112K
  class space    used 2969K, committed 3136K, reserved 1048576K
}

